#
# There is insufficient memory for the Java Runtime Environment to continue.
# Native memory allocation (malloc) failed to allocate 484544 bytes. Error detail: Chunk::new
# Possible reasons:
#   The system is out of physical RAM or swap space
#   This process is running with CompressedOops enabled, and the Java Heap may be blocking the growth of the native heap
# Possible solutions:
#   Reduce memory load on the system
#   Increase physical memory or swap space
#   Check if swap backing store is full
#   Decrease Java heap size (-Xmx/-Xms)
#   Decrease number of Java threads
#   Decrease Java thread stack sizes (-Xss)
#   Set larger code cache with -XX:ReservedCodeCacheSize=
#   JVM is running with Unscaled Compressed Oops mode in which the Java heap is
#     placed in the first 4GB address space. The Java Heap base address is the
#     maximum limit for the native heap growth. Please use -XX:HeapBaseMinAddress
#     to set the Java Heap base and to place the Java Heap above 4GB virtual address.
# This output file may be truncated or incomplete.
#
#  Out of Memory Error (arena.cpp:168), pid=17252, tid=8092
#
# JRE version: OpenJDK Runtime Environment Temurin-21.0.8+9 (21.0.8+9) (build 21.0.8+9-LTS)
# Java VM: OpenJDK 64-Bit Server VM Temurin-21.0.8+9 (21.0.8+9-LTS, mixed mode, sharing, tiered, compressed oops, compressed class ptrs, parallel gc, windows-amd64)
# No core dump will be written. Minidumps are not enabled by default on client versions of Windows
#

---------------  S U M M A R Y ------------

Command Line: --add-modules=ALL-SYSTEM --add-opens=java.base/java.util=ALL-UNNAMED --add-opens=java.base/java.lang=ALL-UNNAMED --add-opens=java.base/sun.nio.fs=ALL-UNNAMED -Declipse.application=org.eclipse.jdt.ls.core.id1 -Dosgi.bundles.defaultStartLevel=4 -Declipse.product=org.eclipse.jdt.ls.core.product -Djava.import.generatesMetadataFilesAtProjectRoot=false -DDetectVMInstallationsJob.disabled=true -Dfile.encoding=utf8 -XX:+UseParallelGC -XX:GCTimeRatio=4 -XX:AdaptiveSizePolicyWeight=90 -Dsun.zip.disableMemoryMapping=true -Xmx2G -Xms100m -Xlog:disable -javaagent:c:\Users\DELL\.vscode\extensions\redhat.java-1.47.0-win32-x64\lombok\lombok-1.18.39-4050.jar c:\Users\DELL\.vscode\extensions\redhat.java-1.47.0-win32-x64\server\plugins\org.eclipse.equinox.launcher_1.7.100.v20251014-1222.jar -configuration c:\Users\DELL\AppData\Roaming\Code\User\globalStorage\redhat.java\1.47.0\config_ss_win -data c:\Users\DELL\AppData\Roaming\Code\User\workspaceStorage\44ed52cf30429c828e672830a1d0c1a7\redhat.java\ss_ws --pipe=\\.\pipe\lsp-7f562a12d47c0c402f38600bb063e899-sock

Host: Intel(R) Core(TM) i5-8350U CPU @ 1.70GHz, 8 cores, 15G,  Windows 11 , 64 bit Build 22621 (10.0.22621.5415)
Time: Fri Nov 21 16:05:09 2025 Egypt Standard Time elapsed time: 5.364008 seconds (0d 0h 0m 5s)

---------------  T H R E A D  ---------------

Current thread (0x000001c0b0dd25b0):  JavaThread "C2 CompilerThread0" daemon [_thread_in_native, id=8092, stack(0x000000b813000000,0x000000b813100000) (1024K)]


Current CompileTask:
C2:5364 5143       4       sun.nio.fs.WindowsPathParser::normalize (233 bytes)

Stack: [0x000000b813000000,0x000000b813100000]
Native frames: (J=compiled Java code, j=interpreted, Vv=VM code, C=native code)
V  [jvm.dll+0x6d2449]
V  [jvm.dll+0x8ae341]
V  [jvm.dll+0x8b08be]
V  [jvm.dll+0x8b0fa3]
V  [jvm.dll+0x280c96]
V  [jvm.dll+0xc581d]
V  [jvm.dll+0xc5d53]
V  [jvm.dll+0x3b919c]
V  [jvm.dll+0x385315]
V  [jvm.dll+0x38477a]
V  [jvm.dll+0x248ed0]
V  [jvm.dll+0x2484af]
V  [jvm.dll+0x1c89ee]
V  [jvm.dll+0x257d4d]
V  [jvm.dll+0x2562ea]
V  [jvm.dll+0x3f2d16]
V  [jvm.dll+0x857e6b]
V  [jvm.dll+0x6d0b0d]
C  [ucrtbase.dll+0x29333]
C  [KERNEL32.DLL+0x1259d]
C  [ntdll.dll+0x5af78]


---------------  P R O C E S S  ---------------

Threads class SMR info:
_java_thread_list=0x000001c110c3f560, length=47, elements={
0x000001c0aebb7160, 0x000001c0b0dc08b0, 0x000001c0b0dc1910, 0x000001c0b0dc6460,
0x000001c0b0dc7500, 0x000001c0b0dc9e60, 0x000001c0b0dcb2a0, 0x000001c0b0dd25b0,
0x000001c0b0dd5060, 0x000001c10a1e1e60, 0x000001c10a2da450, 0x000001c10a41e180,
0x000001c10acc1b70, 0x000001c10f1317b0, 0x000001c10f28ba80, 0x000001c10a96ba70,
0x000001c10f1f8720, 0x000001c10f218a90, 0x000001c10f4f2a60, 0x000001c10f5741f0,
0x000001c10f575060, 0x000001c1104c2be0, 0x000001c1104bfdf0, 0x000001c1104c0480,
0x000001c1104c2550, 0x000001c1104c0b10, 0x000001c1104c11a0, 0x000001c1104c1830,
0x000001c1104c1ec0, 0x000001c1104c3270, 0x000001c110d22940, 0x000001c110d21590,
0x000001c110d20f00, 0x000001c110d222b0, 0x000001c110d22fd0, 0x000001c110d23cf0,
0x000001c110d20870, 0x000001c110d21c20, 0x000001c110d1e110, 0x000001c110d24380,
0x000001c110d23660, 0x000001c110d1d3f0, 0x000001c110d201e0, 0x000001c110d24a10,
0x000001c110d1e7a0, 0x000001c110d1ee30, 0x000001c110d1f4c0
}

Java Threads: ( => current thread )
  0x000001c0aebb7160 JavaThread "main"                              [_thread_blocked, id=10228, stack(0x000000b812600000,0x000000b812700000) (1024K)]
  0x000001c0b0dc08b0 JavaThread "Reference Handler"          daemon [_thread_blocked, id=7496, stack(0x000000b812a00000,0x000000b812b00000) (1024K)]
  0x000001c0b0dc1910 JavaThread "Finalizer"                  daemon [_thread_blocked, id=17692, stack(0x000000b812b00000,0x000000b812c00000) (1024K)]
  0x000001c0b0dc6460 JavaThread "Signal Dispatcher"          daemon [_thread_blocked, id=16644, stack(0x000000b812c00000,0x000000b812d00000) (1024K)]
  0x000001c0b0dc7500 JavaThread "Attach Listener"            daemon [_thread_blocked, id=19232, stack(0x000000b812d00000,0x000000b812e00000) (1024K)]
  0x000001c0b0dc9e60 JavaThread "Service Thread"             daemon [_thread_blocked, id=12900, stack(0x000000b812e00000,0x000000b812f00000) (1024K)]
  0x000001c0b0dcb2a0 JavaThread "Monitor Deflation Thread"   daemon [_thread_blocked, id=18584, stack(0x000000b812f00000,0x000000b813000000) (1024K)]
=>0x000001c0b0dd25b0 JavaThread "C2 CompilerThread0"         daemon [_thread_in_native, id=8092, stack(0x000000b813000000,0x000000b813100000) (1024K)]
  0x000001c0b0dd5060 JavaThread "C1 CompilerThread0"         daemon [_thread_blocked, id=11396, stack(0x000000b813100000,0x000000b813200000) (1024K)]
  0x000001c10a1e1e60 JavaThread "Common-Cleaner"             daemon [_thread_blocked, id=20028, stack(0x000000b813200000,0x000000b813300000) (1024K)]
  0x000001c10a2da450 JavaThread "C2 CompilerThread1"         daemon [_thread_blocked, id=11648, stack(0x000000b813300000,0x000000b813400000) (1024K)]
  0x000001c10a41e180 JavaThread "Notification Thread"        daemon [_thread_blocked, id=2064, stack(0x000000b813400000,0x000000b813500000) (1024K)]
  0x000001c10acc1b70 JavaThread "Active Thread: Equinox Container: ee826a3e-440f-4d83-973f-384cdb6fffd8"        [_thread_blocked, id=10532, stack(0x000000b813c00000,0x000000b813d00000) (1024K)]
  0x000001c10f1317b0 JavaThread "Framework Event Dispatcher: Equinox Container: ee826a3e-440f-4d83-973f-384cdb6fffd8" daemon [_thread_blocked, id=18560, stack(0x000000b813d00000,0x000000b813e00000) (1024K)]
  0x000001c10f28ba80 JavaThread "Start Level: Equinox Container: ee826a3e-440f-4d83-973f-384cdb6fffd8" daemon [_thread_blocked, id=20948, stack(0x000000b813e00000,0x000000b813f00000) (1024K)]
  0x000001c10a96ba70 JavaThread "SCR Component Actor"        daemon [_thread_blocked, id=17368, stack(0x000000b814000000,0x000000b814100000) (1024K)]
  0x000001c10f1f8720 JavaThread "C2 CompilerThread2"         daemon [_thread_in_native, id=12200, stack(0x000000b813500000,0x000000b813600000) (1024K)]
  0x000001c10f218a90 JavaThread "Worker-JM"                         [_thread_blocked, id=20372, stack(0x000000b814100000,0x000000b814200000) (1024K)]
  0x000001c10f4f2a60 JavaThread "JNA Cleaner"                daemon [_thread_blocked, id=10964, stack(0x000000b814200000,0x000000b814300000) (1024K)]
  0x000001c10f5741f0 JavaThread "Worker-0"                          [_thread_blocked, id=19720, stack(0x000000b814300000,0x000000b814400000) (1024K)]
  0x000001c10f575060 JavaThread "Worker-1"                          [_thread_blocked, id=17280, stack(0x000000b814400000,0x000000b814500000) (1024K)]
  0x000001c1104c2be0 JavaThread "Thread-1"                   daemon [_thread_in_native, id=960, stack(0x000000b814700000,0x000000b814800000) (1024K)]
  0x000001c1104bfdf0 JavaThread "Thread-2"                   daemon [_thread_in_native, id=3148, stack(0x000000b814800000,0x000000b814900000) (1024K)]
  0x000001c1104c0480 JavaThread "Thread-3"                   daemon [_thread_in_native, id=16816, stack(0x000000b814900000,0x000000b814a00000) (1024K)]
  0x000001c1104c2550 JavaThread "Thread-4"                   daemon [_thread_in_native, id=16780, stack(0x000000b814a00000,0x000000b814b00000) (1024K)]
  0x000001c1104c0b10 JavaThread "Thread-5"                   daemon [_thread_in_native, id=21328, stack(0x000000b814b00000,0x000000b814c00000) (1024K)]
  0x000001c1104c11a0 JavaThread "Thread-6"                   daemon [_thread_in_native, id=20404, stack(0x000000b814c00000,0x000000b814d00000) (1024K)]
  0x000001c1104c1830 JavaThread "Thread-7"                   daemon [_thread_in_native, id=20040, stack(0x000000b814d00000,0x000000b814e00000) (1024K)]
  0x000001c1104c1ec0 JavaThread "Thread-8"                   daemon [_thread_in_native, id=8160, stack(0x000000b814e00000,0x000000b814f00000) (1024K)]
  0x000001c1104c3270 JavaThread "Thread-9"                   daemon [_thread_in_native, id=9520, stack(0x000000b814f00000,0x000000b815000000) (1024K)]
  0x000001c110d22940 JavaThread "pool-2-thread-1"                   [_thread_blocked, id=10524, stack(0x000000b815000000,0x000000b815100000) (1024K)]
  0x000001c110d21590 JavaThread "Worker-2: Building"                [_thread_in_native, id=6504, stack(0x000000b815100000,0x000000b815200000) (1024K)]
  0x000001c110d20f00 JavaThread "WorkspaceEventsHandler"            [_thread_blocked, id=17768, stack(0x000000b815200000,0x000000b815300000) (1024K)]
  0x000001c110d222b0 JavaThread "pool-1-thread-1"                   [_thread_blocked, id=8368, stack(0x000000b815300000,0x000000b815400000) (1024K)]
  0x000001c110d22fd0 JavaThread "ForkJoinPool.commonPool-worker-1" daemon [_thread_blocked, id=19440, stack(0x000000b815400000,0x000000b815500000) (1024K)]
  0x000001c110d23cf0 JavaThread "ForkJoinPool.commonPool-worker-2" daemon [_thread_blocked, id=10044, stack(0x000000b815500000,0x000000b815600000) (1024K)]
  0x000001c110d20870 JavaThread "ForkJoinPool.commonPool-worker-3" daemon [_thread_blocked, id=11848, stack(0x000000b815600000,0x000000b815700000) (1024K)]
  0x000001c110d21c20 JavaThread "ForkJoinPool.commonPool-worker-4" daemon [_thread_blocked, id=9856, stack(0x000000b815700000,0x000000b815800000) (1024K)]
  0x000001c110d1e110 JavaThread "ForkJoinPool.commonPool-worker-5" daemon [_thread_blocked, id=20704, stack(0x000000b815800000,0x000000b815900000) (1024K)]
  0x000001c110d24380 JavaThread "LocalFile Deleter"          daemon [_thread_blocked, id=15956, stack(0x000000b815900000,0x000000b815a00000) (1024K)]
  0x000001c110d23660 JavaThread "LocalFile Deleter"          daemon [_thread_blocked, id=17480, stack(0x000000b815a00000,0x000000b815b00000) (1024K)]
  0x000001c110d1d3f0 JavaThread "LocalFile Deleter"          daemon [_thread_blocked, id=19244, stack(0x000000b815b00000,0x000000b815c00000) (1024K)]
  0x000001c110d201e0 JavaThread "LocalFile Deleter"          daemon [_thread_blocked, id=2792, stack(0x000000b815c00000,0x000000b815d00000) (1024K)]
  0x000001c110d24a10 JavaThread "LocalFile Deleter"          daemon [_thread_blocked, id=1860, stack(0x000000b815d00000,0x000000b815e00000) (1024K)]
  0x000001c110d1e7a0 JavaThread "LocalFile Deleter"          daemon [_thread_blocked, id=20616, stack(0x000000b815e00000,0x000000b815f00000) (1024K)]
  0x000001c110d1ee30 JavaThread "LocalFile Deleter"          daemon [_thread_blocked, id=8576, stack(0x000000b815f00000,0x000000b816000000) (1024K)]
  0x000001c110d1f4c0 JavaThread "LocalFile Deleter"          daemon [_thread_blocked, id=19840, stack(0x000000b816000000,0x000000b816100000) (1024K)]
Total: 47

Other Threads:
  0x000001c0b0f0eb70 VMThread "VM Thread"                           [id=8452, stack(0x000000b812900000,0x000000b812a00000) (1024K)]
  0x000001c0b0ebcdd0 WatcherThread "VM Periodic Task Thread"        [id=17008, stack(0x000000b812800000,0x000000b812900000) (1024K)]
  0x000001c0b0e71cc0 WorkerThread "GC Thread#0"                     [id=10448, stack(0x000000b812700000,0x000000b812800000) (1024K)]
  0x000001c10a3ce5d0 WorkerThread "GC Thread#1"                     [id=6888, stack(0x000000b813600000,0x000000b813700000) (1024K)]
  0x000001c10a3cf180 WorkerThread "GC Thread#2"                     [id=1044, stack(0x000000b813700000,0x000000b813800000) (1024K)]
  0x000001c10aa86e90 WorkerThread "GC Thread#3"                     [id=6348, stack(0x000000b813800000,0x000000b813900000) (1024K)]
  0x000001c10aa87440 WorkerThread "GC Thread#4"                     [id=8688, stack(0x000000b813900000,0x000000b813a00000) (1024K)]
  0x000001c10aaf2c00 WorkerThread "GC Thread#5"                     [id=20136, stack(0x000000b813a00000,0x000000b813b00000) (1024K)]
  0x000001c10aaf33b0 WorkerThread "GC Thread#6"                     [id=16660, stack(0x000000b813b00000,0x000000b813c00000) (1024K)]
  0x000001c10ad02680 WorkerThread "GC Thread#7"                     [id=20784, stack(0x000000b813f00000,0x000000b814000000) (1024K)]
Total: 10

Threads with active compile tasks:
C2 CompilerThread0  5392 5143       4       sun.nio.fs.WindowsPathParser::normalize (233 bytes)
C1 CompilerThread0  5392 5194       3       org.eclipse.core.internal.resources.OS::isNameValid (126 bytes)
C2 CompilerThread2  5392 5191       4       java.lang.ThreadLocal::set (18 bytes)
Total: 3

VM state: not at safepoint (normal execution)

VM Mutex/Monitor currently owned by a thread: None

Heap address: 0x0000000080000000, size: 2048 MB, Compressed Oops mode: 32-bit

CDS archive(s) mapped at: [0x000001c0c8000000-0x000001c0c8ba0000-0x000001c0c8ba0000), size 12189696, SharedBaseAddress: 0x000001c0c8000000, ArchiveRelocationMode: 1.
Compressed class space mapped at: 0x000001c0c9000000-0x000001c109000000, reserved size: 1073741824
Narrow klass base: 0x000001c0c8000000, Narrow klass shift: 0, Narrow klass range: 0x100000000

GC Precious Log:
 CardTable entry size: 512
 CPUs: 8 total, 8 available
 Memory: 16242M
 Large Page Support: Disabled
 NUMA Support: Disabled
 Compressed Oops: Enabled (32-bit)
 Alignments: Space 512K, Generation 512K, Heap 2M
 Heap Min Capacity: 100M
 Heap Initial Capacity: 100M
 Heap Max Capacity: 2G
 Pre-touch: Disabled
 Parallel Workers: 8

Heap:
 PSYoungGen      total 21504K, used 14397K [0x00000000d5580000, 0x00000000d6c00000, 0x0000000100000000)
  eden space 20480K, 66% used [0x00000000d5580000,0x00000000d62b75f8,0x00000000d6980000)
  from space 1024K, 84% used [0x00000000d6b00000,0x00000000d6bd8010,0x00000000d6c00000)
  to   space 1024K, 0% used [0x00000000d6980000,0x00000000d6980000,0x00000000d6a80000)
 ParOldGen       total 68608K, used 30989K [0x0000000080000000, 0x0000000084300000, 0x00000000d5580000)
  object space 68608K, 45% used [0x0000000080000000,0x0000000081e43658,0x0000000084300000)
 Metaspace       used 40180K, committed 41216K, reserved 1114112K
  class space    used 4103K, committed 4544K, reserved 1048576K

Card table byte_map: [0x000001c0b07f0000,0x000001c0b0c00000] _byte_map_base: 0x000001c0b03f0000

Marking Bits: (ParMarkBitMap*) 0x00007ff82a2aa340
 Begin Bits: [0x000001c0c32f0000, 0x000001c0c52f0000)
 End Bits:   [0x000001c0c52f0000, 0x000001c0c72f0000)

Polling page: 0x000001c0aecd0000

Metaspace:

Usage:
  Non-class:     35.23 MB used.
      Class:      4.01 MB used.
       Both:     39.24 MB used.

Virtual space:
  Non-class space:       64.00 MB reserved,      35.81 MB ( 56%) committed,  1 nodes.
      Class space:        1.00 GB reserved,       4.44 MB ( <1%) committed,  1 nodes.
             Both:        1.06 GB reserved,      40.25 MB (  4%) committed. 

Chunk freelists:
   Non-Class:  12.00 MB
       Class:  11.51 MB
        Both:  23.51 MB

MaxMetaspaceSize: unlimited
CompressedClassSpaceSize: 1.00 GB
Initial GC threshold: 21.00 MB
Current GC threshold: 58.38 MB
CDS: on
 - commit_granule_bytes: 65536.
 - commit_granule_words: 8192.
 - virtual_space_node_default_size: 8388608.
 - enlarge_chunks_in_place: 1.
 - use_allocation_guard: 0.


Internal statistics:

num_allocs_failed_limit: 6.
num_arena_births: 1034.
num_arena_deaths: 250.
num_vsnodes_births: 2.
num_vsnodes_deaths: 0.
num_space_committed: 644.
num_space_uncommitted: 0.
num_chunks_returned_to_freelist: 350.
num_chunks_taken_from_freelist: 2987.
num_chunk_merges: 141.
num_chunk_splits: 1729.
num_chunks_enlarged: 935.
num_inconsistent_stats: 0.

CodeHeap 'non-profiled nmethods': size=120000Kb used=2717Kb max_used=2717Kb free=117282Kb
 bounds [0x000001c0bbb10000, 0x000001c0bbdc0000, 0x000001c0c3040000]
CodeHeap 'profiled nmethods': size=120000Kb used=9927Kb max_used=9927Kb free=110072Kb
 bounds [0x000001c0b4040000, 0x000001c0b4a00000, 0x000001c0bb570000]
CodeHeap 'non-nmethods': size=5760Kb used=1386Kb max_used=1451Kb free=4374Kb
 bounds [0x000001c0bb570000, 0x000001c0bb7e0000, 0x000001c0bbb10000]
CodeCache: size=245760Kb, used=14030Kb, max_used=14095Kb, free=231728Kb
 total_blobs=5491, nmethods=4803, adapters=594, full_count=0
Compilation: enabled, stopped_count=0, restarted_count=0

Compilation events (20 events):
Event: 5.357 Thread 0x000001c0b0dd5060 5145       3       java.lang.Math::min (46 bytes)
Event: 5.358 Thread 0x000001c10a2da450 5146       4       org.eclipse.jdt.internal.compiler.impl.IrritantSet::clear (22 bytes)
Event: 5.358 Thread 0x000001c0b0dd5060 nmethod 5145 0x000001c0b49d7210 code [0x000001c0b49d73c0, 0x000001c0b49d76e0]
Event: 5.358 Thread 0x000001c0b0dd5060 5147       3       org.eclipse.core.internal.dtree.DeltaDataTree::lookup (158 bytes)
Event: 5.359 Thread 0x000001c0b0dd5060 nmethod 5147 0x000001c0b49d7790 code [0x000001c0b49d7a20, 0x000001c0b49d8678]
Event: 5.359 Thread 0x000001c10a2da450 nmethod 5146 0x000001c0bbdb3390 code [0x000001c0bbdb3520, 0x000001c0bbdb3608]
Event: 5.361 Thread 0x000001c0b0dd5060 5149       3       org.eclipse.core.internal.resources.MarkerSet::add (140 bytes)
Event: 5.361 Thread 0x000001c0b0dd5060 nmethod 5149 0x000001c0b49d8b10 code [0x000001c0b49d8da0, 0x000001c0b49d9840]
Event: 5.361 Thread 0x000001c0b0dd5060 5155       3       java.lang.Math::abs (11 bytes)
Event: 5.361 Thread 0x000001c0b0dd5060 nmethod 5155 0x000001c0b49d9b90 code [0x000001c0b49d9d40, 0x000001c0b49d9ea0]
Event: 5.361 Thread 0x000001c0b0dd5060 5154       3       org.eclipse.core.internal.resources.MarkerSet::hashFor (6 bytes)
Event: 5.361 Thread 0x000001c0b0dd5060 nmethod 5154 0x000001c0b49d9f10 code [0x000001c0b49da0c0, 0x000001c0b49da2a0]
Event: 5.361 Thread 0x000001c0b0dd5060 5156       3       org.eclipse.core.internal.dtree.AbstractDataTreeNode::<init> (34 bytes)
Event: 5.361 Thread 0x000001c0b0dd5060 nmethod 5156 0x000001c0b49da390 code [0x000001c0b49da540, 0x000001c0b49da7a8]
Event: 5.362 Thread 0x000001c0b0dd5060 5151       1       org.eclipse.core.internal.dtree.NoDataDeltaNode::isDelta (2 bytes)
Event: 5.362 Thread 0x000001c0b0dd5060 nmethod 5151 0x000001c0bbdb3710 code [0x000001c0bbdb38a0, 0x000001c0bbdb3968]
Event: 5.362 Thread 0x000001c0b0dd5060 5158       3       org.eclipse.core.internal.watson.ElementTreeIterator::doIteration (114 bytes)
Event: 5.362 Thread 0x000001c0b0dd5060 nmethod 5158 0x000001c0b49da890 code [0x000001c0b49daaa0, 0x000001c0b49db2f0]
Event: 5.362 Thread 0x000001c0b0dd5060 5159       3       org.eclipse.core.internal.dtree.AbstractDataTreeNode::assembleWith (502 bytes)
Event: 5.363 Thread 0x000001c10a2da450 5161       4       org.eclipse.core.runtime.Path::segmentCount (6 bytes)

GC Heap History (20 events):
Event: 3.660 GC heap before
{Heap before GC invocations=15 (full 1):
 PSYoungGen      total 23040K, used 22688K [0x00000000d5580000, 0x00000000d7080000, 0x0000000100000000)
  eden space 20480K, 100% used [0x00000000d5580000,0x00000000d6980000,0x00000000d6980000)
  from space 2560K, 86% used [0x00000000d6980000,0x00000000d6ba8000,0x00000000d6c00000)
  to   space 3584K, 0% used [0x00000000d6d00000,0x00000000d6d00000,0x00000000d7080000)
 ParOldGen       total 68608K, used 20271K [0x0000000080000000, 0x0000000084300000, 0x00000000d5580000)
  object space 68608K, 29% used [0x0000000080000000,0x00000000813cbfa0,0x0000000084300000)
 Metaspace       used 32458K, committed 33536K, reserved 1114112K
  class space    used 3357K, committed 3904K, reserved 1048576K
}
Event: 3.663 GC heap after
{Heap after GC invocations=15 (full 1):
 PSYoungGen      total 23040K, used 2052K [0x00000000d5580000, 0x00000000d6f80000, 0x0000000100000000)
  eden space 20480K, 0% used [0x00000000d5580000,0x00000000d5580000,0x00000000d6980000)
  from space 2560K, 80% used [0x00000000d6d00000,0x00000000d6f01000,0x00000000d6f80000)
  to   space 2560K, 0% used [0x00000000d6980000,0x00000000d6980000,0x00000000d6c00000)
 ParOldGen       total 68608K, used 22347K [0x0000000080000000, 0x0000000084300000, 0x00000000d5580000)
  object space 68608K, 32% used [0x0000000080000000,0x00000000815d2cb0,0x0000000084300000)
 Metaspace       used 32458K, committed 33536K, reserved 1114112K
  class space    used 3357K, committed 3904K, reserved 1048576K
}
Event: 3.767 GC heap before
{Heap before GC invocations=16 (full 1):
 PSYoungGen      total 23040K, used 22532K [0x00000000d5580000, 0x00000000d6f80000, 0x0000000100000000)
  eden space 20480K, 100% used [0x00000000d5580000,0x00000000d6980000,0x00000000d6980000)
  from space 2560K, 80% used [0x00000000d6d00000,0x00000000d6f01000,0x00000000d6f80000)
  to   space 2560K, 0% used [0x00000000d6980000,0x00000000d6980000,0x00000000d6c00000)
 ParOldGen       total 68608K, used 22347K [0x0000000080000000, 0x0000000084300000, 0x00000000d5580000)
  object space 68608K, 32% used [0x0000000080000000,0x00000000815d2cb0,0x0000000084300000)
 Metaspace       used 32507K, committed 33600K, reserved 1114112K
  class space    used 3359K, committed 3904K, reserved 1048576K
}
Event: 3.774 GC heap after
{Heap after GC invocations=16 (full 1):
 PSYoungGen      total 23040K, used 2112K [0x00000000d5580000, 0x00000000d6e80000, 0x0000000100000000)
  eden space 20480K, 0% used [0x00000000d5580000,0x00000000d5580000,0x00000000d6980000)
  from space 2560K, 82% used [0x00000000d6980000,0x00000000d6b90010,0x00000000d6c00000)
  to   space 2560K, 0% used [0x00000000d6c00000,0x00000000d6c00000,0x00000000d6e80000)
 ParOldGen       total 68608K, used 24262K [0x0000000080000000, 0x0000000084300000, 0x00000000d5580000)
  object space 68608K, 35% used [0x0000000080000000,0x00000000817b18a0,0x0000000084300000)
 Metaspace       used 32507K, committed 33600K, reserved 1114112K
  class space    used 3359K, committed 3904K, reserved 1048576K
}
Event: 3.866 GC heap before
{Heap before GC invocations=17 (full 1):
 PSYoungGen      total 23040K, used 22592K [0x00000000d5580000, 0x00000000d6e80000, 0x0000000100000000)
  eden space 20480K, 100% used [0x00000000d5580000,0x00000000d6980000,0x00000000d6980000)
  from space 2560K, 82% used [0x00000000d6980000,0x00000000d6b90010,0x00000000d6c00000)
  to   space 2560K, 0% used [0x00000000d6c00000,0x00000000d6c00000,0x00000000d6e80000)
 ParOldGen       total 68608K, used 24262K [0x0000000080000000, 0x0000000084300000, 0x00000000d5580000)
  object space 68608K, 35% used [0x0000000080000000,0x00000000817b18a0,0x0000000084300000)
 Metaspace       used 32610K, committed 33728K, reserved 1114112K
  class space    used 3359K, committed 3904K, reserved 1048576K
}
Event: 3.869 GC heap after
{Heap after GC invocations=17 (full 1):
 PSYoungGen      total 22528K, used 1952K [0x00000000d5580000, 0x00000000d6e00000, 0x0000000100000000)
  eden space 20480K, 0% used [0x00000000d5580000,0x00000000d5580000,0x00000000d6980000)
  from space 2048K, 95% used [0x00000000d6c00000,0x00000000d6de8000,0x00000000d6e00000)
  to   space 2048K, 0% used [0x00000000d6a00000,0x00000000d6a00000,0x00000000d6c00000)
 ParOldGen       total 68608K, used 26262K [0x0000000080000000, 0x0000000084300000, 0x00000000d5580000)
  object space 68608K, 38% used [0x0000000080000000,0x00000000819a58b0,0x0000000084300000)
 Metaspace       used 32610K, committed 33728K, reserved 1114112K
  class space    used 3359K, committed 3904K, reserved 1048576K
}
Event: 3.929 GC heap before
{Heap before GC invocations=18 (full 1):
 PSYoungGen      total 22528K, used 22432K [0x00000000d5580000, 0x00000000d6e00000, 0x0000000100000000)
  eden space 20480K, 100% used [0x00000000d5580000,0x00000000d6980000,0x00000000d6980000)
  from space 2048K, 95% used [0x00000000d6c00000,0x00000000d6de8000,0x00000000d6e00000)
  to   space 2048K, 0% used [0x00000000d6a00000,0x00000000d6a00000,0x00000000d6c00000)
 ParOldGen       total 68608K, used 26262K [0x0000000080000000, 0x0000000084300000, 0x00000000d5580000)
  object space 68608K, 38% used [0x0000000080000000,0x00000000819a58b0,0x0000000084300000)
 Metaspace       used 32704K, committed 33792K, reserved 1114112K
  class space    used 3361K, committed 3904K, reserved 1048576K
}
Event: 3.932 GC heap after
{Heap after GC invocations=18 (full 1):
 PSYoungGen      total 22528K, used 1848K [0x00000000d5580000, 0x00000000d6d80000, 0x0000000100000000)
  eden space 20480K, 0% used [0x00000000d5580000,0x00000000d5580000,0x00000000d6980000)
  from space 2048K, 90% used [0x00000000d6a00000,0x00000000d6bce200,0x00000000d6c00000)
  to   space 1536K, 0% used [0x00000000d6c00000,0x00000000d6c00000,0x00000000d6d80000)
 ParOldGen       total 68608K, used 28102K [0x0000000080000000, 0x0000000084300000, 0x00000000d5580000)
  object space 68608K, 40% used [0x0000000080000000,0x0000000081b718b0,0x0000000084300000)
 Metaspace       used 32704K, committed 33792K, reserved 1114112K
  class space    used 3361K, committed 3904K, reserved 1048576K
}
Event: 4.197 GC heap before
{Heap before GC invocations=19 (full 1):
 PSYoungGen      total 22528K, used 19740K [0x00000000d5580000, 0x00000000d6d80000, 0x0000000100000000)
  eden space 20480K, 87% used [0x00000000d5580000,0x00000000d66f8e00,0x00000000d6980000)
  from space 2048K, 90% used [0x00000000d6a00000,0x00000000d6bce200,0x00000000d6c00000)
  to   space 1536K, 0% used [0x00000000d6c00000,0x00000000d6c00000,0x00000000d6d80000)
 ParOldGen       total 68608K, used 28102K [0x0000000080000000, 0x0000000084300000, 0x00000000d5580000)
  object space 68608K, 40% used [0x0000000080000000,0x0000000081b718b0,0x0000000084300000)
 Metaspace       used 34815K, committed 35840K, reserved 1114112K
  class space    used 3593K, committed 4096K, reserved 1048576K
}
Event: 4.199 GC heap after
{Heap after GC invocations=19 (full 1):
 PSYoungGen      total 22016K, used 1172K [0x00000000d5580000, 0x00000000d6d80000, 0x0000000100000000)
  eden space 20480K, 0% used [0x00000000d5580000,0x00000000d5580000,0x00000000d6980000)
  from space 1536K, 76% used [0x00000000d6c00000,0x00000000d6d253c8,0x00000000d6d80000)
  to   space 1536K, 0% used [0x00000000d6a80000,0x00000000d6a80000,0x00000000d6c00000)
 ParOldGen       total 68608K, used 29886K [0x0000000080000000, 0x0000000084300000, 0x00000000d5580000)
  object space 68608K, 43% used [0x0000000080000000,0x0000000081d2fab0,0x0000000084300000)
 Metaspace       used 34815K, committed 35840K, reserved 1114112K
  class space    used 3593K, committed 4096K, reserved 1048576K
}
Event: 4.200 GC heap before
{Heap before GC invocations=20 (full 2):
 PSYoungGen      total 22016K, used 1172K [0x00000000d5580000, 0x00000000d6d80000, 0x0000000100000000)
  eden space 20480K, 0% used [0x00000000d5580000,0x00000000d5580000,0x00000000d6980000)
  from space 1536K, 76% used [0x00000000d6c00000,0x00000000d6d253c8,0x00000000d6d80000)
  to   space 1536K, 0% used [0x00000000d6a80000,0x00000000d6a80000,0x00000000d6c00000)
 ParOldGen       total 68608K, used 29886K [0x0000000080000000, 0x0000000084300000, 0x00000000d5580000)
  object space 68608K, 43% used [0x0000000080000000,0x0000000081d2fab0,0x0000000084300000)
 Metaspace       used 34815K, committed 35840K, reserved 1114112K
  class space    used 3593K, committed 4096K, reserved 1048576K
}
Event: 4.261 GC heap after
{Heap after GC invocations=20 (full 2):
 PSYoungGen      total 22016K, used 0K [0x00000000d5580000, 0x00000000d6d80000, 0x0000000100000000)
  eden space 20480K, 0% used [0x00000000d5580000,0x00000000d5580000,0x00000000d6980000)
  from space 1536K, 0% used [0x00000000d6c00000,0x00000000d6c00000,0x00000000d6d80000)
  to   space 1536K, 0% used [0x00000000d6a80000,0x00000000d6a80000,0x00000000d6c00000)
 ParOldGen       total 68608K, used 29548K [0x0000000080000000, 0x0000000084300000, 0x00000000d5580000)
  object space 68608K, 43% used [0x0000000080000000,0x0000000081cdb010,0x0000000084300000)
 Metaspace       used 34606K, committed 35840K, reserved 1114112K
  class space    used 3533K, committed 4096K, reserved 1048576K
}
Event: 4.569 GC heap before
{Heap before GC invocations=21 (full 2):
 PSYoungGen      total 22016K, used 20474K [0x00000000d5580000, 0x00000000d6d80000, 0x0000000100000000)
  eden space 20480K, 99% used [0x00000000d5580000,0x00000000d697ea28,0x00000000d6980000)
  from space 1536K, 0% used [0x00000000d6c00000,0x00000000d6c00000,0x00000000d6d80000)
  to   space 1536K, 0% used [0x00000000d6a80000,0x00000000d6a80000,0x00000000d6c00000)
 ParOldGen       total 68608K, used 29548K [0x0000000080000000, 0x0000000084300000, 0x00000000d5580000)
  object space 68608K, 43% used [0x0000000080000000,0x0000000081cdb010,0x0000000084300000)
 Metaspace       used 35548K, committed 36544K, reserved 1114112K
  class space    used 3648K, committed 4160K, reserved 1048576K
}
Event: 4.570 GC heap after
{Heap after GC invocations=21 (full 2):
 PSYoungGen      total 20992K, used 320K [0x00000000d5580000, 0x00000000d6c80000, 0x0000000100000000)
  eden space 20480K, 0% used [0x00000000d5580000,0x00000000d5580000,0x00000000d6980000)
  from space 512K, 62% used [0x00000000d6a80000,0x00000000d6ad0000,0x00000000d6b00000)
  to   space 1024K, 0% used [0x00000000d6b80000,0x00000000d6b80000,0x00000000d6c80000)
 ParOldGen       total 68608K, used 29556K [0x0000000080000000, 0x0000000084300000, 0x00000000d5580000)
  object space 68608K, 43% used [0x0000000080000000,0x0000000081cdd010,0x0000000084300000)
 Metaspace       used 35548K, committed 36544K, reserved 1114112K
  class space    used 3648K, committed 4160K, reserved 1048576K
}
Event: 4.785 GC heap before
{Heap before GC invocations=22 (full 2):
 PSYoungGen      total 20992K, used 20800K [0x00000000d5580000, 0x00000000d6c80000, 0x0000000100000000)
  eden space 20480K, 100% used [0x00000000d5580000,0x00000000d6980000,0x00000000d6980000)
  from space 512K, 62% used [0x00000000d6a80000,0x00000000d6ad0000,0x00000000d6b00000)
  to   space 1024K, 0% used [0x00000000d6b80000,0x00000000d6b80000,0x00000000d6c80000)
 ParOldGen       total 68608K, used 29556K [0x0000000080000000, 0x0000000084300000, 0x00000000d5580000)
  object space 68608K, 43% used [0x0000000080000000,0x0000000081cdd010,0x0000000084300000)
 Metaspace       used 36680K, committed 37632K, reserved 1114112K
  class space    used 3758K, committed 4224K, reserved 1048576K
}
Event: 4.786 GC heap after
{Heap after GC invocations=22 (full 2):
 PSYoungGen      total 21504K, used 1022K [0x00000000d5580000, 0x00000000d6d80000, 0x0000000100000000)
  eden space 20480K, 0% used [0x00000000d5580000,0x00000000d5580000,0x00000000d6980000)
  from space 1024K, 99% used [0x00000000d6b80000,0x00000000d6c7fbc0,0x00000000d6c80000)
  to   space 2048K, 0% used [0x00000000d6980000,0x00000000d6980000,0x00000000d6b80000)
 ParOldGen       total 68608K, used 30072K [0x0000000080000000, 0x0000000084300000, 0x00000000d5580000)
  object space 68608K, 43% used [0x0000000080000000,0x0000000081d5e3f0,0x0000000084300000)
 Metaspace       used 36680K, committed 37632K, reserved 1114112K
  class space    used 3758K, committed 4224K, reserved 1048576K
}
Event: 4.858 GC heap before
{Heap before GC invocations=23 (full 2):
 PSYoungGen      total 21504K, used 21502K [0x00000000d5580000, 0x00000000d6d80000, 0x0000000100000000)
  eden space 20480K, 100% used [0x00000000d5580000,0x00000000d6980000,0x00000000d6980000)
  from space 1024K, 99% used [0x00000000d6b80000,0x00000000d6c7fbc0,0x00000000d6c80000)
  to   space 2048K, 0% used [0x00000000d6980000,0x00000000d6980000,0x00000000d6b80000)
 ParOldGen       total 68608K, used 30072K [0x0000000080000000, 0x0000000084300000, 0x00000000d5580000)
  object space 68608K, 43% used [0x0000000080000000,0x0000000081d5e3f0,0x0000000084300000)
 Metaspace       used 36699K, committed 37696K, reserved 1114112K
  class space    used 3758K, committed 4224K, reserved 1048576K
}
Event: 4.860 GC heap after
{Heap after GC invocations=23 (full 2):
 PSYoungGen      total 21504K, used 1001K [0x00000000d5580000, 0x00000000d6c80000, 0x0000000100000000)
  eden space 20480K, 0% used [0x00000000d5580000,0x00000000d5580000,0x00000000d6980000)
  from space 1024K, 97% used [0x00000000d6980000,0x00000000d6a7a7d8,0x00000000d6a80000)
  to   space 1536K, 0% used [0x00000000d6b00000,0x00000000d6b00000,0x00000000d6c80000)
 ParOldGen       total 68608K, used 30965K [0x0000000080000000, 0x0000000084300000, 0x00000000d5580000)
  object space 68608K, 45% used [0x0000000080000000,0x0000000081e3d658,0x0000000084300000)
 Metaspace       used 36699K, committed 37696K, reserved 1114112K
  class space    used 3758K, committed 4224K, reserved 1048576K
}
Event: 5.039 GC heap before
{Heap before GC invocations=24 (full 2):
 PSYoungGen      total 21504K, used 21481K [0x00000000d5580000, 0x00000000d6c80000, 0x0000000100000000)
  eden space 20480K, 99% used [0x00000000d5580000,0x00000000d697ffc8,0x00000000d6980000)
  from space 1024K, 97% used [0x00000000d6980000,0x00000000d6a7a7d8,0x00000000d6a80000)
  to   space 1536K, 0% used [0x00000000d6b00000,0x00000000d6b00000,0x00000000d6c80000)
 ParOldGen       total 68608K, used 30965K [0x0000000080000000, 0x0000000084300000, 0x00000000d5580000)
  object space 68608K, 45% used [0x0000000080000000,0x0000000081e3d658,0x0000000084300000)
 Metaspace       used 38750K, committed 39808K, reserved 1114112K
  class space    used 3973K, committed 4480K, reserved 1048576K
}
Event: 5.040 GC heap after
{Heap after GC invocations=24 (full 2):
 PSYoungGen      total 21504K, used 864K [0x00000000d5580000, 0x00000000d6c00000, 0x0000000100000000)
  eden space 20480K, 0% used [0x00000000d5580000,0x00000000d5580000,0x00000000d6980000)
  from space 1024K, 84% used [0x00000000d6b00000,0x00000000d6bd8010,0x00000000d6c00000)
  to   space 1024K, 0% used [0x00000000d6980000,0x00000000d6980000,0x00000000d6a80000)
 ParOldGen       total 68608K, used 30989K [0x0000000080000000, 0x0000000084300000, 0x00000000d5580000)
  object space 68608K, 45% used [0x0000000080000000,0x0000000081e43658,0x0000000084300000)
 Metaspace       used 38750K, committed 39808K, reserved 1114112K
  class space    used 3973K, committed 4480K, reserved 1048576K
}

Dll operation events (10 events):
Event: 0.010 Loaded shared library c:\Users\DELL\.vscode\extensions\redhat.java-1.47.0-win32-x64\jre\21.0.8-win32-x86_64\bin\java.dll
Event: 0.035 Loaded shared library c:\Users\DELL\.vscode\extensions\redhat.java-1.47.0-win32-x64\jre\21.0.8-win32-x86_64\bin\zip.dll
Event: 0.103 Loaded shared library C:\Users\DELL\.vscode\extensions\redhat.java-1.47.0-win32-x64\jre\21.0.8-win32-x86_64\bin\instrument.dll
Event: 0.108 Loaded shared library C:\Users\DELL\.vscode\extensions\redhat.java-1.47.0-win32-x64\jre\21.0.8-win32-x86_64\bin\net.dll
Event: 0.111 Loaded shared library C:\Users\DELL\.vscode\extensions\redhat.java-1.47.0-win32-x64\jre\21.0.8-win32-x86_64\bin\nio.dll
Event: 0.116 Loaded shared library C:\Users\DELL\.vscode\extensions\redhat.java-1.47.0-win32-x64\jre\21.0.8-win32-x86_64\bin\zip.dll
Event: 0.140 Loaded shared library C:\Users\DELL\.vscode\extensions\redhat.java-1.47.0-win32-x64\jre\21.0.8-win32-x86_64\bin\jimage.dll
Event: 0.230 Loaded shared library c:\Users\DELL\.vscode\extensions\redhat.java-1.47.0-win32-x64\jre\21.0.8-win32-x86_64\bin\verify.dll
Event: 1.437 Loaded shared library C:\Users\DELL\AppData\Roaming\Code\User\globalStorage\redhat.java\1.47.0\config_ss_win\org.eclipse.equinox.launcher\org.eclipse.equinox.launcher.win32.win32.x86_64_1.2.1400.v20250801-0854\eclipse_11916.dll
Event: 2.015 Loaded shared library C:\Users\DELL\AppData\Local\Temp\jna-295731625\jna14848490126014741652.dll

Deoptimization events (20 events):
Event: 5.197 Thread 0x000001c110d222b0 DEOPT PACKING pc=0x000001c0bbce28ec sp=0x000000b8153fe710
Event: 5.197 Thread 0x000001c110d222b0 DEOPT UNPACKING pc=0x000001c0bb5c3aa2 sp=0x000000b8153fe6a0 mode 2
Event: 5.197 Thread 0x000001c110d222b0 Uncommon trap: trap_request=0xffffffc6 fr.pc=0x000001c0bbce28ec relative=0x00000000000000ac
Event: 5.197 Thread 0x000001c110d222b0 Uncommon trap: reason=bimorphic_or_optimized_type_check action=maybe_recompile pc=0x000001c0bbce28ec method=java.util.stream.Sink$ChainedReference.cancellationRequested()Z @ 4 c2
Event: 5.197 Thread 0x000001c110d222b0 DEOPT PACKING pc=0x000001c0bbce28ec sp=0x000000b8153fe710
Event: 5.197 Thread 0x000001c110d222b0 DEOPT UNPACKING pc=0x000001c0bb5c3aa2 sp=0x000000b8153fe6a0 mode 2
Event: 5.309 Thread 0x000001c110d21590 DEOPT PACKING pc=0x000001c0b44a7d3e sp=0x000000b8151fe420
Event: 5.309 Thread 0x000001c110d21590 DEOPT UNPACKING pc=0x000001c0bb5c4242 sp=0x000000b8151fd960 mode 0
Event: 5.333 Thread 0x000001c110d21590 Uncommon trap: trap_request=0xffffff45 fr.pc=0x000001c0bbdac8c0 relative=0x0000000000003280
Event: 5.333 Thread 0x000001c110d21590 Uncommon trap: reason=unstable_if action=reinterpret pc=0x000001c0bbdac8c0 method=lombok.patcher.MethodTarget.matches(Ljava/lang/String;Ljava/lang/String;Ljava/lang/String;)Z @ 18 c2
Event: 5.333 Thread 0x000001c110d21590 DEOPT PACKING pc=0x000001c0bbdac8c0 sp=0x000000b8151fa4c0
Event: 5.333 Thread 0x000001c110d21590 DEOPT UNPACKING pc=0x000001c0bb5c3aa2 sp=0x000000b8151fa390 mode 2
Event: 5.334 Thread 0x000001c110d21590 Uncommon trap: trap_request=0xffffff3d fr.pc=0x000001c0bbd75ad0 relative=0x00000000000003f0
Event: 5.334 Thread 0x000001c110d21590 Uncommon trap: reason=unstable_fused_if action=reinterpret pc=0x000001c0bbd75ad0 method=org.lombokweb.asm.MethodWriter.computeMethodInfoSize()I @ 25 c2
Event: 5.334 Thread 0x000001c110d21590 DEOPT PACKING pc=0x000001c0bbd75ad0 sp=0x000000b8151fa6b0
Event: 5.334 Thread 0x000001c110d21590 DEOPT UNPACKING pc=0x000001c0bb5c3aa2 sp=0x000000b8151fa650 mode 2
Event: 5.334 Thread 0x000001c110d21590 Uncommon trap: trap_request=0xffffff45 fr.pc=0x000001c0bbd77a64 relative=0x00000000000010e4
Event: 5.334 Thread 0x000001c110d21590 Uncommon trap: reason=unstable_if action=reinterpret pc=0x000001c0bbd77a64 method=org.lombokweb.asm.MethodWriter.putMethodInfo(Lorg/lombokweb/asm/ByteVector;)V @ 98 c2
Event: 5.334 Thread 0x000001c110d21590 DEOPT PACKING pc=0x000001c0bbd77a64 sp=0x000000b8151fa680
Event: 5.334 Thread 0x000001c110d21590 DEOPT UNPACKING pc=0x000001c0bb5c3aa2 sp=0x000000b8151fa628 mode 2

Classes loaded (20 events):
Event: 5.200 Loading class java/lang/StackStreamFactory$StackFrameTraverser$StackFrameBuffer
Event: 5.200 Loading class java/lang/StackStreamFactory$FrameBuffer
Event: 5.201 Loading class java/lang/StackStreamFactory$FrameBuffer done
Event: 5.201 Loading class java/lang/StackStreamFactory$StackFrameTraverser$StackFrameBuffer done
Event: 5.202 Loading class java/util/logging/Level$RbAccess
Event: 5.202 Loading class java/util/logging/Level$RbAccess done
Event: 5.202 Loading class sun/util/logging/resources/logging
Event: 5.202 Loading class sun/util/logging/resources/logging done
Event: 5.203 Loading class sun/util/logging/resources/logging_en
Event: 5.203 Loading class sun/util/logging/resources/logging_en done
Event: 5.203 Loading class sun/util/logging/resources/logging_en
Event: 5.203 Loading class sun/util/logging/resources/logging_en done
Event: 5.203 Loading class sun/util/logging/resources/logging_en_US
Event: 5.203 Loading class sun/util/logging/resources/logging_en_US done
Event: 5.203 Loading class sun/util/logging/resources/logging_en_US
Event: 5.203 Loading class sun/util/logging/resources/logging_en_US done
Event: 5.203 Loading class java/util/Formatter$DateTime
Event: 5.204 Loading class java/util/Formatter$DateTime done
Event: 5.204 Loading class java/time/ZonedDateTime$1
Event: 5.204 Loading class java/time/ZonedDateTime$1 done

Classes unloaded (20 events):
Event: 4.213 Thread 0x000001c0b0f0eb70 Unloading class 0x000001c0c939d800 'java/lang/invoke/LambdaForm$MH+0x000001c0c939d800'
Event: 4.213 Thread 0x000001c0b0f0eb70 Unloading class 0x000001c0c939d400 'java/lang/invoke/LambdaForm$MH+0x000001c0c939d400'
Event: 4.213 Thread 0x000001c0b0f0eb70 Unloading class 0x000001c0c939cc00 'java/lang/invoke/LambdaForm$MH+0x000001c0c939cc00'
Event: 4.213 Thread 0x000001c0b0f0eb70 Unloading class 0x000001c0c939d000 'java/lang/invoke/LambdaForm$MH+0x000001c0c939d000'
Event: 4.213 Thread 0x000001c0b0f0eb70 Unloading class 0x000001c0c939c800 'java/lang/invoke/LambdaForm$MH+0x000001c0c939c800'
Event: 4.213 Thread 0x000001c0b0f0eb70 Unloading class 0x000001c0c939c000 'java/lang/invoke/LambdaForm$MH+0x000001c0c939c000'
Event: 4.213 Thread 0x000001c0b0f0eb70 Unloading class 0x000001c0c939bc00 'java/lang/invoke/LambdaForm$MH+0x000001c0c939bc00'
Event: 4.213 Thread 0x000001c0b0f0eb70 Unloading class 0x000001c0c939b000 'java/lang/invoke/LambdaForm$MH+0x000001c0c939b000'
Event: 4.213 Thread 0x000001c0b0f0eb70 Unloading class 0x000001c0c939b400 'java/lang/invoke/LambdaForm$MH+0x000001c0c939b400'
Event: 4.213 Thread 0x000001c0b0f0eb70 Unloading class 0x000001c0c939b800 'java/lang/invoke/LambdaForm$MH+0x000001c0c939b800'
Event: 4.213 Thread 0x000001c0b0f0eb70 Unloading class 0x000001c0c939ac00 'java/lang/invoke/LambdaForm$MH+0x000001c0c939ac00'
Event: 4.213 Thread 0x000001c0b0f0eb70 Unloading class 0x000001c0c939a800 'java/lang/invoke/LambdaForm$MH+0x000001c0c939a800'
Event: 4.213 Thread 0x000001c0b0f0eb70 Unloading class 0x000001c0c939a400 'java/lang/invoke/LambdaForm$MH+0x000001c0c939a400'
Event: 4.213 Thread 0x000001c0b0f0eb70 Unloading class 0x000001c0c939a000 'java/lang/invoke/LambdaForm$MH+0x000001c0c939a000'
Event: 4.213 Thread 0x000001c0b0f0eb70 Unloading class 0x000001c0c9399c00 'java/lang/invoke/LambdaForm$MH+0x000001c0c9399c00'
Event: 4.213 Thread 0x000001c0b0f0eb70 Unloading class 0x000001c0c9399400 'java/lang/invoke/LambdaForm$DMH+0x000001c0c9399400'
Event: 4.213 Thread 0x000001c0b0f0eb70 Unloading class 0x000001c0c9398400 'java/lang/invoke/LambdaForm$DMH+0x000001c0c9398400'
Event: 4.213 Thread 0x000001c0b0f0eb70 Unloading class 0x000001c0c9399000 'java/lang/invoke/LambdaForm$DMH+0x000001c0c9399000'
Event: 4.213 Thread 0x000001c0b0f0eb70 Unloading class 0x000001c0c9398800 'java/lang/invoke/LambdaForm$DMH+0x000001c0c9398800'
Event: 4.213 Thread 0x000001c0b0f0eb70 Unloading class 0x000001c0c9398c00 'java/lang/invoke/LambdaForm$DMH+0x000001c0c9398c00'

Classes redefined (0 events):
No events

Internal exceptions (20 events):
Event: 4.712 Thread 0x000001c110d1e110 Exception <a 'java/lang/LinkageError'{0x00000000d5f0fb18}: loader lombok.launch.ShadowClassLoader @4d4fa108 attempted duplicate class definition for lombok.launch.PatchFixesHider$ValPortal. (lombok.launch.PatchFixesHider$ValPortal is in unnamed module of loader lombok.launch.ShadowClassLoader @4d4fa108, parent loader org.eclipse.osgi.internal.loader.EquinoxClassLoader @44985f3d)> (0x00000000d5f0fb18) 
thrown [s\src\hotspot\share\classfile\systemDictionary.cpp, line 1682]
Event: 4.713 Thread 0x000001c110d21c20 Exception <a 'java/lang/LinkageError'{0x00000000d5f9d730}: loader lombok.launch.ShadowClassLoader @4d4fa108 attempted duplicate class definition for lombok.launch.PatchFixesHider$ValPortal. (lombok.launch.PatchFixesHider$ValPortal is in unnamed module of loader lombok.launch.ShadowClassLoader @4d4fa108, parent loader org.eclipse.osgi.internal.loader.EquinoxClassLoader @44985f3d)> (0x00000000d5f9d730) 
thrown [s\src\hotspot\share\classfile\systemDictionary.cpp, line 1682]
Event: 4.714 Thread 0x000001c110d20870 Exception <a 'java/lang/LinkageError'{0x00000000d5fdf570}: loader lombok.launch.ShadowClassLoader @4d4fa108 attempted duplicate class definition for lombok.launch.PatchFixesHider$ValPortal. (lombok.launch.PatchFixesHider$ValPortal is in unnamed module of loader lombok.launch.ShadowClassLoader @4d4fa108, parent loader org.eclipse.osgi.internal.loader.EquinoxClassLoader @44985f3d)> (0x00000000d5fdf570) 
thrown [s\src\hotspot\share\classfile\systemDictionary.cpp, line 1682]
Event: 4.993 Thread 0x000001c110d1e110 Exception <a 'java/lang/LinkageError'{0x00000000d64eab08}: loader lombok.launch.ShadowClassLoader @526f14e3 attempted duplicate class definition for lombok.launch.PatchFixesHider$FieldInitializer. (lombok.launch.PatchFixesHider$FieldInitializer is in unnamed module of loader lombok.launch.ShadowClassLoader @526f14e3, parent loader org.eclipse.osgi.internal.loader.EquinoxClassLoader @2296699e)> (0x00000000d64eab08) 
thrown [s\src\hotspot\share\classfile\systemDictionary.cpp, line 1682]
Event: 4.993 Thread 0x000001c110d23cf0 Exception <a 'java/lang/LinkageError'{0x00000000d6579f90}: loader lombok.launch.ShadowClassLoader @526f14e3 attempted duplicate class definition for lombok.launch.PatchFixesHider$FieldInitializer. (lombok.launch.PatchFixesHider$FieldInitializer is in unnamed module of loader lombok.launch.ShadowClassLoader @526f14e3, parent loader org.eclipse.osgi.internal.loader.EquinoxClassLoader @2296699e)> (0x00000000d6579f90) 
thrown [s\src\hotspot\share\classfile\systemDictionary.cpp, line 1682]
Event: 4.995 Thread 0x000001c110d222b0 Exception <a 'java/lang/LinkageError'{0x00000000d6579528}: loader lombok.launch.ShadowClassLoader @526f14e3 attempted duplicate class definition for lombok.launch.PatchFixesHider$FieldInitializer. (lombok.launch.PatchFixesHider$FieldInitializer is in unnamed module of loader lombok.launch.ShadowClassLoader @526f14e3, parent loader org.eclipse.osgi.internal.loader.EquinoxClassLoader @2296699e)> (0x00000000d6579528) 
thrown [s\src\hotspot\share\classfile\systemDictionary.cpp, line 1682]
Event: 4.996 Thread 0x000001c110d21c20 Exception <a 'java/lang/LinkageError'{0x00000000d6551538}: loader lombok.launch.ShadowClassLoader @526f14e3 attempted duplicate class definition for lombok.launch.PatchFixesHider$FieldInitializer. (lombok.launch.PatchFixesHider$FieldInitializer is in unnamed module of loader lombok.launch.ShadowClassLoader @526f14e3, parent loader org.eclipse.osgi.internal.loader.EquinoxClassLoader @2296699e)> (0x00000000d6551538) 
thrown [s\src\hotspot\share\classfile\systemDictionary.cpp, line 1682]
Event: 4.996 Thread 0x000001c110d22fd0 Exception <a 'java/lang/LinkageError'{0x00000000d6489e80}: loader lombok.launch.ShadowClassLoader @526f14e3 attempted duplicate class definition for lombok.launch.PatchFixesHider$FieldInitializer. (lombok.launch.PatchFixesHider$FieldInitializer is in unnamed module of loader lombok.launch.ShadowClassLoader @526f14e3, parent loader org.eclipse.osgi.internal.loader.EquinoxClassLoader @2296699e)> (0x00000000d6489e80) 
thrown [s\src\hotspot\share\classfile\systemDictionary.cpp, line 1682]
Event: 5.023 Thread 0x000001c110d23cf0 Exception <a 'java/lang/NoSuchMethodError'{0x00000000d678f4a8}: 'java.lang.Object java.lang.invoke.DirectMethodHandle$Holder.invokeSpecial(java.lang.Object, java.lang.Object, java.lang.Object, java.lang.Object, int, java.lang.Object, java.lang.Object)'> (0x00000000d678f4a8) 
thrown [s\src\hotspot\share\interpreter\linkResolver.cpp, line 773]
Event: 5.023 Thread 0x000001c110d22fd0 Exception <a 'java/lang/NoSuchMethodError'{0x00000000d649a818}: 'java.lang.Object java.lang.invoke.DirectMethodHandle$Holder.invokeSpecial(java.lang.Object, java.lang.Object, java.lang.Object, java.lang.Object, int, java.lang.Object, java.lang.Object)'> (0x00000000d649a818) 
thrown [s\src\hotspot\share\interpreter\linkResolver.cpp, line 773]
Event: 5.149 Thread 0x000001c110d222b0 Exception <a 'java/io/FileNotFoundException'{0x00000000d5b749b0}> (0x00000000d5b749b0) 
thrown [s\src\hotspot\share\prims\jni.cpp, line 520]
Event: 5.149 Thread 0x000001c110d222b0 Exception <a 'java/io/FileNotFoundException'{0x00000000d5b75c50}> (0x00000000d5b75c50) 
thrown [s\src\hotspot\share\prims\jni.cpp, line 520]
Event: 5.149 Thread 0x000001c110d222b0 Exception <a 'java/io/FileNotFoundException'{0x00000000d5b76c68}> (0x00000000d5b76c68) 
thrown [s\src\hotspot\share\prims\jni.cpp, line 520]
Event: 5.202 Thread 0x000001c110d222b0 Exception <a 'java/lang/ClassNotFoundException'{0x00000000d5cdc600}: sun/util/logging/resources/spi/loggingProvider> (0x00000000d5cdc600) 
thrown [s\src\hotspot\share\classfile\systemDictionary.cpp, line 312]
Event: 5.209 Thread 0x000001c110d222b0 Exception <a 'java/lang/IncompatibleClassChangeError'{0x00000000d5d187e8}: Found class java.lang.Object, but interface was expected> (0x00000000d5d187e8) 
thrown [s\src\hotspot\share\interpreter\linkResolver.cpp, line 840]
Event: 5.319 Thread 0x000001c110d21590 Exception <a 'java/io/FileNotFoundException'{0x00000000d5dd2388}> (0x00000000d5dd2388) 
thrown [s\src\hotspot\share\prims\jni.cpp, line 520]
Event: 5.319 Thread 0x000001c110d21590 Exception <a 'java/io/FileNotFoundException'{0x00000000d5dd3380}> (0x00000000d5dd3380) 
thrown [s\src\hotspot\share\prims\jni.cpp, line 520]
Event: 5.319 Thread 0x000001c110d21590 Exception <a 'java/io/FileNotFoundException'{0x00000000d5dd4e50}> (0x00000000d5dd4e50) 
thrown [s\src\hotspot\share\prims\jni.cpp, line 520]
Event: 5.319 Thread 0x000001c110d21590 Exception <a 'java/io/FileNotFoundException'{0x00000000d5dd60f8}> (0x00000000d5dd60f8) 
thrown [s\src\hotspot\share\prims\jni.cpp, line 520]
Event: 5.319 Thread 0x000001c110d21590 Exception <a 'java/io/FileNotFoundException'{0x00000000d5dd73a8}> (0x00000000d5dd73a8) 
thrown [s\src\hotspot\share\prims\jni.cpp, line 520]

ZGC Phase Switch (0 events):
No events

VM Operations (20 events):
Event: 3.928 Executing VM operation: ParallelGCFailedAllocation (Allocation Failure)
Event: 3.932 Executing VM operation: ParallelGCFailedAllocation (Allocation Failure) done
Event: 4.114 Executing VM operation: HandshakeAllThreads (Deoptimize)
Event: 4.114 Executing VM operation: HandshakeAllThreads (Deoptimize) done
Event: 4.197 Executing VM operation: CollectForMetadataAllocation (Metadata GC Threshold)
Event: 4.262 Executing VM operation: CollectForMetadataAllocation (Metadata GC Threshold) done
Event: 4.569 Executing VM operation: ParallelGCFailedAllocation (Allocation Failure)
Event: 4.570 Executing VM operation: ParallelGCFailedAllocation (Allocation Failure) done
Event: 4.785 Executing VM operation: ParallelGCFailedAllocation (Allocation Failure)
Event: 4.786 Executing VM operation: ParallelGCFailedAllocation (Allocation Failure) done
Event: 4.858 Executing VM operation: ParallelGCFailedAllocation (Allocation Failure)
Event: 4.860 Executing VM operation: ParallelGCFailedAllocation (Allocation Failure) done
Event: 4.942 Executing VM operation: HandshakeAllThreads (Deoptimize)
Event: 4.943 Executing VM operation: HandshakeAllThreads (Deoptimize) done
Event: 5.039 Executing VM operation: ParallelGCFailedAllocation (Allocation Failure)
Event: 5.041 Executing VM operation: ParallelGCFailedAllocation (Allocation Failure) done
Event: 5.139 Executing VM operation: HandshakeAllThreads (Deoptimize)
Event: 5.139 Executing VM operation: HandshakeAllThreads (Deoptimize) done
Event: 5.308 Executing VM operation: HandshakeAllThreads (Deoptimize)
Event: 5.308 Executing VM operation: HandshakeAllThreads (Deoptimize) done

Memory protections (0 events):
No events

Nmethod flushes (20 events):
Event: 4.222 Thread 0x000001c0b0f0eb70 flushing  nmethod 0x000001c0b4375410
Event: 4.222 Thread 0x000001c0b0f0eb70 flushing  nmethod 0x000001c0b4376090
Event: 4.222 Thread 0x000001c0b0f0eb70 flushing  nmethod 0x000001c0b438c810
Event: 4.222 Thread 0x000001c0b0f0eb70 flushing  nmethod 0x000001c0b438f590
Event: 4.222 Thread 0x000001c0b0f0eb70 flushing  nmethod 0x000001c0b4403090
Event: 4.222 Thread 0x000001c0b0f0eb70 flushing  nmethod 0x000001c0b4444610
Event: 4.222 Thread 0x000001c0b0f0eb70 flushing  nmethod 0x000001c0b4444a90
Event: 4.222 Thread 0x000001c0b0f0eb70 flushing  nmethod 0x000001c0b4448590
Event: 4.222 Thread 0x000001c0b0f0eb70 flushing  nmethod 0x000001c0b447dd90
Event: 4.222 Thread 0x000001c0b0f0eb70 flushing  nmethod 0x000001c0b447e790
Event: 4.222 Thread 0x000001c0b0f0eb70 flushing  nmethod 0x000001c0b4483490
Event: 4.222 Thread 0x000001c0b0f0eb70 flushing  nmethod 0x000001c0b44c4610
Event: 4.222 Thread 0x000001c0b0f0eb70 flushing  nmethod 0x000001c0b44fa690
Event: 4.222 Thread 0x000001c0b0f0eb70 flushing  nmethod 0x000001c0b44faf10
Event: 4.222 Thread 0x000001c0b0f0eb70 flushing  nmethod 0x000001c0b44fb310
Event: 4.222 Thread 0x000001c0b0f0eb70 flushing  nmethod 0x000001c0b4503890
Event: 4.222 Thread 0x000001c0b0f0eb70 flushing  nmethod 0x000001c0b4509710
Event: 4.222 Thread 0x000001c0b0f0eb70 flushing  nmethod 0x000001c0b4509c10
Event: 4.222 Thread 0x000001c0b0f0eb70 flushing  nmethod 0x000001c0b450e710
Event: 4.222 Thread 0x000001c0b0f0eb70 flushing  nmethod 0x000001c0b4515090

Events (20 events):
Event: 2.572 Thread 0x000001c10f28ba80 Thread added: 0x000001c1104c0b10
Event: 2.632 Thread 0x000001c1104c0b10 Thread exited: 0x000001c1104c0b10
Event: 2.859 Thread 0x000001c0aebb7160 Thread added: 0x000001c1104c2be0
Event: 2.859 Thread 0x000001c0aebb7160 Thread added: 0x000001c1104bfdf0
Event: 2.859 Thread 0x000001c0aebb7160 Thread added: 0x000001c1104c0480
Event: 2.860 Thread 0x000001c0aebb7160 Thread added: 0x000001c1104c2550
Event: 2.860 Thread 0x000001c0aebb7160 Thread added: 0x000001c1104c0b10
Event: 2.860 Thread 0x000001c0aebb7160 Thread added: 0x000001c1104c11a0
Event: 2.860 Thread 0x000001c0aebb7160 Thread added: 0x000001c1104c1830
Event: 2.860 Thread 0x000001c0aebb7160 Thread added: 0x000001c1104c1ec0
Event: 2.860 Thread 0x000001c0aebb7160 Thread added: 0x000001c1104c3270
Event: 2.879 Thread 0x000001c0aebb7160 Thread added: 0x000001c110d22940
Event: 2.985 Thread 0x000001c10f575060 Thread added: 0x000001c110d21590
Event: 3.045 Thread 0x000001c0aebb7160 Thread added: 0x000001c110d20f00
Event: 3.045 Thread 0x000001c0aebb7160 Thread added: 0x000001c110d222b0
Event: 3.256 Thread 0x000001c110d222b0 Thread added: 0x000001c110d22fd0
Event: 3.258 Thread 0x000001c110d222b0 Thread added: 0x000001c110d23cf0
Event: 3.262 Thread 0x000001c110d222b0 Thread added: 0x000001c110d20870
Event: 3.263 Thread 0x000001c110d222b0 Thread added: 0x000001c110d21c20
Event: 3.265 Thread 0x000001c110d222b0 Thread added: 0x000001c110d1e110


Dynamic libraries:
0x00007ff64e930000 - 0x00007ff64e93e000 	c:\Users\DELL\.vscode\extensions\redhat.java-1.47.0-win32-x64\jre\21.0.8-win32-x86_64\bin\java.exe
0x00007ff8bcc30000 - 0x00007ff8bce47000 	C:\WINDOWS\SYSTEM32\ntdll.dll
0x00007ff8bb830000 - 0x00007ff8bb8f4000 	C:\WINDOWS\System32\KERNEL32.DLL
0x00007ff8ba170000 - 0x00007ff8ba542000 	C:\WINDOWS\System32\KERNELBASE.dll
0x00007ff8b9e90000 - 0x00007ff8b9fa1000 	C:\WINDOWS\System32\ucrtbase.dll
0x00007ff864570000 - 0x00007ff86458e000 	c:\Users\DELL\.vscode\extensions\redhat.java-1.47.0-win32-x64\jre\21.0.8-win32-x86_64\bin\VCRUNTIME140.dll
0x00007ff876d20000 - 0x00007ff876d38000 	c:\Users\DELL\.vscode\extensions\redhat.java-1.47.0-win32-x64\jre\21.0.8-win32-x86_64\bin\jli.dll
0x00007ff8bc0f0000 - 0x00007ff8bc2a1000 	C:\WINDOWS\System32\USER32.dll
0x00007ff8a4580000 - 0x00007ff8a481b000 	C:\WINDOWS\WinSxS\amd64_microsoft.windows.common-controls_6595b64144ccf1df_6.0.22621.5547_none_27104afb73855772\COMCTL32.dll
0x00007ff8b9d70000 - 0x00007ff8b9d96000 	C:\WINDOWS\System32\win32u.dll
0x00007ff8bbe90000 - 0x00007ff8bbf37000 	C:\WINDOWS\System32\msvcrt.dll
0x00007ff8bbc60000 - 0x00007ff8bbc89000 	C:\WINDOWS\System32\GDI32.dll
0x00007ff8ba760000 - 0x00007ff8ba883000 	C:\WINDOWS\System32\gdi32full.dll
0x00007ff8ba550000 - 0x00007ff8ba5ea000 	C:\WINDOWS\System32\msvcp_win.dll
0x00007ff8bc000000 - 0x00007ff8bc031000 	C:\WINDOWS\System32\IMM32.DLL
0x00007ff8773f0000 - 0x00007ff8773fc000 	c:\Users\DELL\.vscode\extensions\redhat.java-1.47.0-win32-x64\jre\21.0.8-win32-x86_64\bin\vcruntime140_1.dll
0x00007ff82a390000 - 0x00007ff82a41d000 	c:\Users\DELL\.vscode\extensions\redhat.java-1.47.0-win32-x64\jre\21.0.8-win32-x86_64\bin\msvcp140.dll
0x00007ff8295f0000 - 0x00007ff82a387000 	c:\Users\DELL\.vscode\extensions\redhat.java-1.47.0-win32-x64\jre\21.0.8-win32-x86_64\bin\server\jvm.dll
0x00007ff8bbdd0000 - 0x00007ff8bbe81000 	C:\WINDOWS\System32\ADVAPI32.dll
0x00007ff8bc040000 - 0x00007ff8bc0e8000 	C:\WINDOWS\System32\sechost.dll
0x00007ff8b9e60000 - 0x00007ff8b9e88000 	C:\WINDOWS\System32\bcrypt.dll
0x00007ff8bc3b0000 - 0x00007ff8bc4c4000 	C:\WINDOWS\System32\RPCRT4.dll
0x00007ff8bc6c0000 - 0x00007ff8bc731000 	C:\WINDOWS\System32\WS2_32.dll
0x00007ff8b8b30000 - 0x00007ff8b8b7d000 	C:\WINDOWS\SYSTEM32\POWRPROF.dll
0x00007ff8b3b80000 - 0x00007ff8b3bb4000 	C:\WINDOWS\SYSTEM32\WINMM.dll
0x00007ff8ae790000 - 0x00007ff8ae79a000 	C:\WINDOWS\SYSTEM32\VERSION.dll
0x00007ff8b8b10000 - 0x00007ff8b8b23000 	C:\WINDOWS\SYSTEM32\UMPDC.dll
0x00007ff8b8dd0000 - 0x00007ff8b8de8000 	C:\WINDOWS\SYSTEM32\kernel.appcore.dll
0x00007ff876c00000 - 0x00007ff876c0a000 	c:\Users\DELL\.vscode\extensions\redhat.java-1.47.0-win32-x64\jre\21.0.8-win32-x86_64\bin\jimage.dll
0x00007ff8b46a0000 - 0x00007ff8b48d3000 	C:\WINDOWS\SYSTEM32\DBGHELP.DLL
0x00007ff8bc740000 - 0x00007ff8bcad3000 	C:\WINDOWS\System32\combase.dll
0x00007ff8ba9b0000 - 0x00007ff8baa87000 	C:\WINDOWS\System32\OLEAUT32.dll
0x00007ff8a3ad0000 - 0x00007ff8a3b02000 	C:\WINDOWS\SYSTEM32\dbgcore.DLL
0x00007ff8b9cf0000 - 0x00007ff8b9d6b000 	C:\WINDOWS\System32\bcryptPrimitives.dll
0x00007ff865b70000 - 0x00007ff865b7f000 	c:\Users\DELL\.vscode\extensions\redhat.java-1.47.0-win32-x64\jre\21.0.8-win32-x86_64\bin\instrument.dll
0x00007ff8295a0000 - 0x00007ff8295bf000 	c:\Users\DELL\.vscode\extensions\redhat.java-1.47.0-win32-x64\jre\21.0.8-win32-x86_64\bin\java.dll
0x00007ff8baf80000 - 0x00007ff8bb822000 	C:\WINDOWS\System32\SHELL32.dll
0x00007ff8b9fb0000 - 0x00007ff8ba0ef000 	C:\WINDOWS\System32\wintypes.dll
0x00007ff8b7be0000 - 0x00007ff8b84fd000 	C:\WINDOWS\SYSTEM32\windows.storage.dll
0x00007ff8ba8a0000 - 0x00007ff8ba9ac000 	C:\WINDOWS\System32\SHCORE.dll
0x00007ff8bc2b0000 - 0x00007ff8bc319000 	C:\WINDOWS\System32\shlwapi.dll
0x00007ff8b9c20000 - 0x00007ff8b9c4b000 	C:\WINDOWS\SYSTEM32\profapi.dll
0x00007ff8295d0000 - 0x00007ff8295e8000 	c:\Users\DELL\.vscode\extensions\redhat.java-1.47.0-win32-x64\jre\21.0.8-win32-x86_64\bin\zip.dll
0x00007ff876ee0000 - 0x00007ff876ef0000 	C:\Users\DELL\.vscode\extensions\redhat.java-1.47.0-win32-x64\jre\21.0.8-win32-x86_64\bin\net.dll
0x00007ff8aef00000 - 0x00007ff8af02c000 	C:\WINDOWS\SYSTEM32\WINHTTP.dll
0x00007ff8b9240000 - 0x00007ff8b92a9000 	C:\WINDOWS\system32\mswsock.dll
0x00007ff83fd20000 - 0x00007ff83fd36000 	C:\Users\DELL\.vscode\extensions\redhat.java-1.47.0-win32-x64\jre\21.0.8-win32-x86_64\bin\nio.dll
0x00007ff876ed0000 - 0x00007ff876ee0000 	c:\Users\DELL\.vscode\extensions\redhat.java-1.47.0-win32-x64\jre\21.0.8-win32-x86_64\bin\verify.dll
0x00007ff8a0cc0000 - 0x00007ff8a0d04000 	C:\Users\DELL\AppData\Roaming\Code\User\globalStorage\redhat.java\1.47.0\config_ss_win\org.eclipse.equinox.launcher\org.eclipse.equinox.launcher.win32.win32.x86_64_1.2.1400.v20250801-0854\eclipse_11916.dll
0x00007ff8bc520000 - 0x00007ff8bc6c0000 	C:\WINDOWS\System32\ole32.dll
0x00007ff8b9590000 - 0x00007ff8b95ab000 	C:\WINDOWS\SYSTEM32\CRYPTSP.dll
0x00007ff8b8d30000 - 0x00007ff8b8d67000 	C:\WINDOWS\system32\rsaenh.dll
0x00007ff8b92e0000 - 0x00007ff8b9308000 	C:\WINDOWS\SYSTEM32\USERENV.dll
0x00007ff8b9570000 - 0x00007ff8b957c000 	C:\WINDOWS\SYSTEM32\CRYPTBASE.dll
0x00007ff8b8810000 - 0x00007ff8b883d000 	C:\WINDOWS\SYSTEM32\IPHLPAPI.DLL
0x00007ff8bbc90000 - 0x00007ff8bbc99000 	C:\WINDOWS\System32\NSI.dll
0x00007ff89e740000 - 0x00007ff89e789000 	C:\Users\DELL\AppData\Local\Temp\jna-295731625\jna14848490126014741652.dll
0x00007ff8bbf40000 - 0x00007ff8bbf48000 	C:\WINDOWS\System32\PSAPI.DLL
0x00007ff8aed30000 - 0x00007ff8aed49000 	C:\WINDOWS\SYSTEM32\dhcpcsvc6.DLL
0x00007ff8aec80000 - 0x00007ff8aec9f000 	C:\WINDOWS\SYSTEM32\dhcpcsvc.DLL

JVMTI agents:
c:\Users\DELL\.vscode\extensions\redhat.java-1.47.0-win32-x64\lombok\lombok-1.18.39-4050.jar path:c:\Users\DELL\.vscode\extensions\redhat.java-1.47.0-win32-x64\jre\21.0.8-win32-x86_64\bin\instrument.dll, loaded, initialized, instrumentlib options:none

dbghelp: loaded successfully - version: 4.0.5 - missing functions: none
symbol engine: initialized successfully - sym options: 0x614 - pdb path: .;c:\Users\DELL\.vscode\extensions\redhat.java-1.47.0-win32-x64\jre\21.0.8-win32-x86_64\bin;C:\WINDOWS\SYSTEM32;C:\WINDOWS\WinSxS\amd64_microsoft.windows.common-controls_6595b64144ccf1df_6.0.22621.5547_none_27104afb73855772;c:\Users\DELL\.vscode\extensions\redhat.java-1.47.0-win32-x64\jre\21.0.8-win32-x86_64\bin\server;C:\Users\DELL\AppData\Roaming\Code\User\globalStorage\redhat.java\1.47.0\config_ss_win\org.eclipse.equinox.launcher\org.eclipse.equinox.launcher.win32.win32.x86_64_1.2.1400.v20250801-0854;C:\Users\DELL\AppData\Local\Temp\jna-295731625

VM Arguments:
jvm_args: --add-modules=ALL-SYSTEM --add-opens=java.base/java.util=ALL-UNNAMED --add-opens=java.base/java.lang=ALL-UNNAMED --add-opens=java.base/sun.nio.fs=ALL-UNNAMED -Declipse.application=org.eclipse.jdt.ls.core.id1 -Dosgi.bundles.defaultStartLevel=4 -Declipse.product=org.eclipse.jdt.ls.core.product -Djava.import.generatesMetadataFilesAtProjectRoot=false -DDetectVMInstallationsJob.disabled=true -Dfile.encoding=utf8 -XX:+UseParallelGC -XX:GCTimeRatio=4 -XX:AdaptiveSizePolicyWeight=90 -Dsun.zip.disableMemoryMapping=true -Xmx2G -Xms100m -Xlog:disable -javaagent:c:\Users\DELL\.vscode\extensions\redhat.java-1.47.0-win32-x64\lombok\lombok-1.18.39-4050.jar 
java_command: c:\Users\DELL\.vscode\extensions\redhat.java-1.47.0-win32-x64\server\plugins\org.eclipse.equinox.launcher_1.7.100.v20251014-1222.jar -configuration c:\Users\DELL\AppData\Roaming\Code\User\globalStorage\redhat.java\1.47.0\config_ss_win -data c:\Users\DELL\AppData\Roaming\Code\User\workspaceStorage\44ed52cf30429c828e672830a1d0c1a7\redhat.java\ss_ws --pipe=\\.\pipe\lsp-7f562a12d47c0c402f38600bb063e899-sock
java_class_path (initial): c:\Users\DELL\.vscode\extensions\redhat.java-1.47.0-win32-x64\server\plugins\org.eclipse.equinox.launcher_1.7.100.v20251014-1222.jar
Launcher Type: SUN_STANDARD

[Global flags]
    uintx AdaptiveSizePolicyWeight                 = 90                                        {product} {command line}
     intx CICompilerCount                          = 4                                         {product} {ergonomic}
    uintx GCTimeRatio                              = 4                                         {product} {command line}
   size_t InitialHeapSize                          = 104857600                                 {product} {command line}
   size_t MaxHeapSize                              = 2147483648                                {product} {command line}
   size_t MaxNewSize                               = 715653120                                 {product} {ergonomic}
   size_t MinHeapDeltaBytes                        = 524288                                    {product} {ergonomic}
   size_t MinHeapSize                              = 104857600                                 {product} {command line}
   size_t NewSize                                  = 34603008                                  {product} {ergonomic}
    uintx NonNMethodCodeHeapSize                   = 5839372                                {pd product} {ergonomic}
    uintx NonProfiledCodeHeapSize                  = 122909434                              {pd product} {ergonomic}
   size_t OldSize                                  = 70254592                                  {product} {ergonomic}
    uintx ProfiledCodeHeapSize                     = 122909434                              {pd product} {ergonomic}
    uintx ReservedCodeCacheSize                    = 251658240                              {pd product} {ergonomic}
     bool SegmentedCodeCache                       = true                                      {product} {ergonomic}
   size_t SoftMaxHeapSize                          = 2147483648                             {manageable} {ergonomic}
     bool UseCompressedOops                        = true                           {product lp64_product} {ergonomic}
     bool UseLargePagesIndividualAllocation        = false                                  {pd product} {ergonomic}
     bool UseParallelGC                            = true                                      {product} {command line}

Logging:
Log output configuration:
 #0: stdout all=off uptime,level,tags foldmultilines=false
 #1: stderr all=off uptime,level,tags foldmultilines=false

Environment Variables:
PATH=C:\Program Files\Common Files\Oracle\Java\javapath;C:\WINDOWS\system32;C:\WINDOWS;C:\WINDOWS\System32\Wbem;C:\WINDOWS\System32\WindowsPowerShell\v1.0\;C:\WINDOWS\System32\OpenSSH\;C:\Program Files\nodejs\;C:\Program Files\Git\cmd;C:\Users\DELL\Downloads\apache-maven-3.9.9\bin;C:\Program Files\MongoDB\Server\8.0\bin;C:\Program Files\Docker\Docker\resources\bin;c:\Users\DELL\AppData\Local\Programs\cursor\resources\app\bin;C:\Program Files\MySQL\MySQL Shell 8.0\bin\;C:\Users\DELL\AppData\Local\Microsoft\WindowsApps;C:\Users\DELL\AppData\Local\Programs\Microsoft VS Code\bin;C:\Program Files\JetBrains\PyCharm 2024.1.4\bin;;C:\Users\DELL\AppData\Roaming\npm;C:\Program Files\JetBrains\IntelliJ IDEA Community Edition 2024.3.3\bin;;C:\Users\DELL\AppData\Local\Programs\cursor\resources\app\bin
USERNAME=Mohamed Samy
OS=Windows_NT
PROCESSOR_IDENTIFIER=Intel64 Family 6 Model 142 Stepping 10, GenuineIntel
TMP=C:\Users\DELL\AppData\Local\Temp
TEMP=C:\Users\DELL\AppData\Local\Temp




Periodic native trim disabled

---------------  S Y S T E M  ---------------

OS:
 Windows 11 , 64 bit Build 22621 (10.0.22621.5415)
OS uptime: 0 days 0:45 hours
Hyper-V role detected

CPU: total 8 (initial active 8) (4 cores per cpu, 2 threads per core) family 6 model 142 stepping 10 microcode 0xf4, cx8, cmov, fxsr, ht, mmx, 3dnowpref, sse, sse2, sse3, ssse3, sse4.1, sse4.2, popcnt, lzcnt, tsc, tscinvbit, avx, avx2, aes, erms, clmul, bmi1, bmi2, rtm, adx, fma, vzeroupper, clflush, clflushopt, hv, rdtscp, f16c
Processor Information for the first 8 processors :
  Max Mhz: 1896, Current Mhz: 1696, Mhz Limit: 1687

Memory: 4k page, system-wide physical 16242M (3212M free)
TotalPageFile size 17355M (AvailPageFile size 24M)
current process WorkingSet (physical memory assigned to process): 195M, peak: 201M
current process commit charge ("private bytes"): 305M, peak: 311M

vm_info: OpenJDK 64-Bit Server VM (21.0.8+9-LTS) for windows-amd64 JRE (21.0.8+9-LTS), built on 2025-07-15T00:00:00Z by "admin" with MS VC++ 17.7 (VS2022)

END.
